Validation loss decreased (inf --> 0.575160).  Saving model ...
Validation loss decreased (0.575160 --> 0.356329).  Saving model ...
Validation loss decreased (0.356329 --> 0.284166).  Saving model ...
Validation loss decreased (0.284166 --> 0.268218).  Saving model ...
Validation loss decreased (0.268218 --> 0.259544).  Saving model ...
Validation loss decreased (0.259544 --> 0.254328).  Saving model ...
Validation loss decreased (0.254328 --> 0.250546).  Saving model ...
Validation loss decreased (0.250546 --> 0.247676).  Saving model ...
Validation loss decreased (0.247676 --> 0.245469).  Saving model ...
Validation loss decreased (0.245469 --> 0.244029).  Saving model ...
Validation loss decreased (0.244029 --> 0.242606).  Saving model ...
Validation loss decreased (0.242606 --> 0.241531).  Saving model ...
Validation loss decreased (0.241531 --> 0.240480).  Saving model ...
Validation loss decreased (0.240480 --> 0.239469).  Saving model ...
Validation loss decreased (0.239469 --> 0.238891).  Saving model ...
Validation loss decreased (0.238891 --> 0.238231).  Saving model ...
Validation loss decreased (0.238231 --> 0.237584).  Saving model ...
Validation loss decreased (0.237584 --> 0.236906).  Saving model ...
Validation loss decreased (0.236906 --> 0.236357).  Saving model ...
EarlyStopping counter: 1 out of 3
Validation loss decreased (0.236357 --> 0.235382).  Saving model ...
EarlyStopping counter: 1 out of 3
Validation loss decreased (0.235382 --> 0.234485).  Saving model ...
EarlyStopping counter: 1 out of 3
Validation loss decreased (0.234485 --> 0.233896).  Saving model ...
Validation loss decreased (0.233896 --> 0.233380).  Saving model ...
EarlyStopping counter: 1 out of 3
Validation loss decreased (0.233380 --> 0.232684).  Saving model ...
EarlyStopping counter: 1 out of 3
Validation loss decreased (0.232684 --> 0.232176).  Saving model ...
EarlyStopping counter: 1 out of 3
Validation loss decreased (0.232176 --> 0.231596).  Saving model ...
EarlyStopping counter: 1 out of 3
EarlyStopping counter: 2 out of 3
EarlyStopping counter: 3 out of 3
model=retro_mae enhance_decoding=True mask_rate_enc=0.5 mask_rate_dec=0.75 data=ETTh1 input_len=96 pred_len=192 mask_size=1 lr=0.0001
 avg_val_loss:0.23159600794315338
Validation loss decreased (inf --> 0.627173).  Saving model ...
Validation loss decreased (0.627173 --> 0.544846).  Saving model ...
Validation loss decreased (0.544846 --> 0.413167).  Saving model ...
Validation loss decreased (0.413167 --> 0.344551).  Saving model ...
Validation loss decreased (0.344551 --> 0.322903).  Saving model ...
Validation loss decreased (0.322903 --> 0.308401).  Saving model ...
Validation loss decreased (0.308401 --> 0.297797).  Saving model ...
Validation loss decreased (0.297797 --> 0.290494).  Saving model ...
Validation loss decreased (0.290494 --> 0.286661).  Saving model ...
Validation loss decreased (0.286661 --> 0.283451).  Saving model ...
Validation loss decreased (0.283451 --> 0.280862).  Saving model ...
Validation loss decreased (0.280862 --> 0.278873).  Saving model ...
Validation loss decreased (0.278873 --> 0.276889).  Saving model ...
Validation loss decreased (0.276889 --> 0.275745).  Saving model ...
Validation loss decreased (0.275745 --> 0.274655).  Saving model ...
Validation loss decreased (0.274655 --> 0.273481).  Saving model ...
Validation loss decreased (0.273481 --> 0.272567).  Saving model ...
Validation loss decreased (0.272567 --> 0.271310).  Saving model ...
EarlyStopping counter: 1 out of 3
Validation loss decreased (0.271310 --> 0.270267).  Saving model ...
EarlyStopping counter: 1 out of 3
Validation loss decreased (0.270267 --> 0.269046).  Saving model ...
Validation loss decreased (0.269046 --> 0.267977).  Saving model ...
EarlyStopping counter: 1 out of 3
Validation loss decreased (0.267977 --> 0.267223).  Saving model ...
EarlyStopping counter: 1 out of 3
EarlyStopping counter: 2 out of 3
Validation loss decreased (0.267223 --> 0.266149).  Saving model ...
Validation loss decreased (0.266149 --> 0.265644).  Saving model ...
EarlyStopping counter: 1 out of 3
EarlyStopping counter: 2 out of 3
Validation loss decreased (0.265644 --> 0.265090).  Saving model ...
EarlyStopping counter: 1 out of 3
EarlyStopping counter: 2 out of 3
EarlyStopping counter: 3 out of 3
model=retro_mae enhance_decoding=True mask_rate_enc=0.5 mask_rate_dec=0.75 data=ETTh1 input_len=96 pred_len=720 mask_size=1 lr=0.0001
 avg_val_loss:0.2650895416736603
